Connecting to database specified by database.yml
Connecting to database specified by database.yml


Started GET "/assets/rails.png" for 69.124.118.44 at 2013-06-22 20:28:42 +0000
Served asset /rails.png - 304 Not Modified (5ms)


Started GET "/assets/rails.png" for 69.124.118.44 at 2013-06-22 20:28:42 +0000
Served asset /rails.png - 304 Not Modified (2ms)


Started GET "/rails/info/properties" for 69.124.118.44 at 2013-06-22 20:28:44 +0000
Processing by Rails::InfoController#properties as */*
  Rendered inline template (2.8ms)
Completed 200 OK in 31ms (Views: 30.2ms | ActiveRecord: 0.0ms)
Connecting to database specified by database.yml
Connecting to database specified by database.yml


Started GET "/assets/rails.png" for 69.124.118.44 at 2013-06-22 20:30:43 +0000
Served asset /rails.png - 304 Not Modified (3ms)


Started GET "/assets/rails.png" for 69.124.118.44 at 2013-06-22 20:30:44 +0000
Served asset /rails.png - 304 Not Modified (2ms)


Started GET "/rails/info/properties" for 69.124.118.44 at 2013-06-22 20:30:45 +0000
Processing by Rails::InfoController#properties as */*
  Rendered inline template (2.7ms)
Completed 200 OK in 28ms (Views: 27.9ms | ActiveRecord: 0.0ms)
Connecting to database specified by database.yml
Connecting to database specified by database.yml


Started GET "/assets/rails.png" for 69.124.118.44 at 2013-06-22 20:37:33 +0000
Served asset /rails.png - 200 OK (4ms)


Started GET "/assets/rails.png" for 69.124.118.44 at 2013-06-22 20:50:51 +0000
Served asset /rails.png - 304 Not Modified (3ms)


Started GET "/assets/rails.png" for 69.124.118.44 at 2013-06-22 20:51:19 +0000
Served asset /rails.png - 304 Not Modified (0ms)


Started GET "/rails/info/properties" for 69.124.118.44 at 2013-06-22 20:51:25 +0000
Processing by Rails::InfoController#properties as */*
  Rendered inline template (2.6ms)
Completed 200 OK in 32ms (Views: 31.7ms | ActiveRecord: 0.0ms)


Started GET "/assets/rails.png" for 69.124.118.44 at 2013-06-22 20:51:26 +0000
Served asset /rails.png - 304 Not Modified (0ms)


Started GET "/rails/info/properties" for 69.124.118.44 at 2013-06-22 20:51:28 +0000
Processing by Rails::InfoController#properties as */*
  Rendered inline template (0.6ms)
Completed 200 OK in 2ms (Views: 1.5ms | ActiveRecord: 0.0ms)
Connecting to database specified by database.yml
Connecting to database specified by database.yml


Started GET "/assets/rails.png" for 69.124.118.44 at 2013-06-22 20:58:25 +0000
Served asset /rails.png - 304 Not Modified (4ms)


Started GET "/rails/info/properties" for 69.124.118.44 at 2013-06-22 20:58:28 +0000
Processing by Rails::InfoController#properties as */*
  Rendered inline template (2.7ms)
Completed 200 OK in 32ms (Views: 31.2ms | ActiveRecord: 0.0ms)
Connecting to database specified by database.yml
Connecting to database specified by database.yml


Started GET "/rails" for 122.161.172.183 at 2013-08-14 21:30:25 +0000

ActionController::RoutingError (No route matches [GET] "/rails"):
  actionpack (3.2.13) lib/action_dispatch/middleware/debug_exceptions.rb:21:in `call'
  actionpack (3.2.13) lib/action_dispatch/middleware/show_exceptions.rb:56:in `call'
  railties (3.2.13) lib/rails/rack/logger.rb:32:in `call_app'
  railties (3.2.13) lib/rails/rack/logger.rb:16:in `block in call'
  activesupport (3.2.13) lib/active_support/tagged_logging.rb:22:in `tagged'
  railties (3.2.13) lib/rails/rack/logger.rb:16:in `call'
  actionpack (3.2.13) lib/action_dispatch/middleware/request_id.rb:22:in `call'
  rack (1.4.5) lib/rack/methodoverride.rb:21:in `call'
  rack (1.4.5) lib/rack/runtime.rb:17:in `call'
  activesupport (3.2.13) lib/active_support/cache/strategy/local_cache.rb:72:in `call'
  rack (1.4.5) lib/rack/lock.rb:15:in `call'
  actionpack (3.2.13) lib/action_dispatch/middleware/static.rb:63:in `call'
  railties (3.2.13) lib/rails/engine.rb:479:in `call'
  railties (3.2.13) lib/rails/application.rb:223:in `call'
  railties (3.2.13) lib/rails/railtie/configurable.rb:30:in `method_missing'
  rack (1.4.5) lib/rack/lint.rb:48:in `_call'
  rack (1.4.5) lib/rack/lint.rb:36:in `call'
  rack (1.4.5) lib/rack/showexceptions.rb:24:in `call'
  rack (1.4.5) lib/rack/commonlogger.rb:33:in `call'
  rack (1.4.5) lib/rack/chunked.rb:43:in `call'
  rack (1.4.5) lib/rack/content_length.rb:14:in `call'
  unicorn (4.6.3) lib/unicorn/http_server.rb:552:in `process_client'
  unicorn (4.6.3) lib/unicorn/http_server.rb:632:in `worker_loop'
  unicorn (4.6.3) lib/unicorn/http_server.rb:500:in `spawn_missing_workers'
  unicorn (4.6.3) lib/unicorn/http_server.rb:142:in `start'
  /usr/bin/unicorn:121:in `<main>'


  Rendered /usr/local/rvm/rubies/ruby-1.9.3-p429/lib/ruby/gems/1.9.1/gems/actionpack-3.2.13/lib/action_dispatch/middleware/templates/rescues/routing_error.erb within rescues/layout (3.2ms)
Connecting to database specified by database.yml
